conversion num_unsaturated num_saturated num_HHbond
0.000152523 21 21 9
0.00033776 48 48 15
0.000485719 74 72 21
0.000633027 94 92 26
0.000757198 112 110 31
0.000893355 131 129 36
0.0011826 150 148 41
0.00176352 165 162 48
0.00296835 181 176 52
0.00362493 192 186 58
0.00453961 212 206 63
0.00552594 234 227 69
0.00699529 250 242 77
0.00822717 268 259 80
0.00973706 295 285 88
0.0106591 311 301 97
0.0120006 330 318 105
0.0132033 352 339 110
0.014465 369 356 115
0.0157866 392 379 120
0.0171453 414 401 127
0.0183642 442 427 132
0.0195304 462 447 140
0.0209789 482 465 148
0.0224518 504 485 155
0.0237421 524 504 162
0.0248758 549 528 171
0.0264651 583 559 180
0.0276666 596 571 186
0.0290076 618 592 195
0.0301465 637 611 201
0.0309741 659 631 205
0.0321112 678 650 210
0.033398 699 671 217
0.0346441 718 690 224
0.0356821 736 708 231
0.0366764 755 726 236
0.0379696 769 739 248
0.0393553 793 762 254
0.0405139 815 784 261
0.041713 836 805 273
0.0429649 857 826 283
0.0440545 878 846 293
0.0451738 901 867 303
0.0461036 912 878 309
0.0472479 927 893 315
0.048274 949 914 323
0.0493311 965 930 329
0.0501584 979 943 336
0.0511728 992 956 343
0.0524224 1009 973 353
0.0531818 1022 986 358
0.0540342 1039 1002 361
0.0552605 1060 1023 371
0.0564989 1083 1045 381
0.0576114 1099 1060 387
0.0588582 1119 1078 392
0.0599381 1141 1100 395
0.0610262 1157 1116 401
0.0619634 1174 1132 408
0.0632393 1199 1156 416
0.0641017 1216 1173 422
0.0647541 1227 1183 426
0.0661972 1249 1205 434
0.0672186 1271 1225 444
0.0684528 1297 1249 454
0.0692894 1313 1265 461
0.0705194 1340 1290 476
0.0717086 1352 1302 481
0.0729064 1376 1325 486
0.0739594 1393 1341 490
0.075285 1420 1366 496
0.0764273 1441 1386 505
0.0777612 1468 1412 514
0.0787704 1487 1430 527
0.0798106 1508 1448 534
0.0811315 1534 1473 540
0.0821938 1543 1482 550
0.0832065 1564 1503 553
0.0842779 1580 1518 554
0.0853749 1600 1538 557
0.0862988 1621 1558 561
0.0874425 1645 1582 566
0.0886046 1670 1605 567
0.0894062 1687 1622 576
0.0906124 1714 1649 582
0.0919555 1739 1672 595
0.0927904 1751 1683 605
0.0940355 1765 1697 613
0.0947795 1788 1720 620
0.0960014 1806 1738 629
0.097488 1818 1749 632
0.0988493 1840 1769 636
0.0999387 1859 1788 644
0.101056 1875 1803 648
0.102225 1886 1813 651
0.103391 1906 1833 656
0.104505 1923 1850 661
0.105557 1945 1870 665
0.106799 1956 1881 673
0.107491 1973 1895 675
0.108645 1989 1909 684
0.109581 2008 1927 694
0.110753 2026 1944 701
0.11191 2045 1963 713
0.113244 2061 1979 722
0.114525 2078 1995 730
0.115936 2097 2013 739
0.117056 2115 2030 744
0.118105 2129 2042 752
0.119338 2147 2059 758
0.120647 2167 2077 768
0.122073 2190 2099 773
0.123356 2207 2113 780
0.124609 2223 2128 785
0.125792 2247 2150 792
0.126534 2267 2168 805
0.127152 2282 2183 816
0.128003 2296 2196 823
0.129225 2316 2216 833
0.130449 2337 2235 840
0.13163 2362 2257 846
0.132594 2380 2275 850
0.133518 2398 2293 861
0.134299 2411 2306 867
0.135363 2431 2326 873
0.13661 2452 2347 880
0.138005 2474 2369 886
0.139198 2495 2389 892
0.140638 2515 2409 899
0.142023 2536 2430 905
0.143228 2553 2445 915
0.144474 2567 2458 920
0.145365 2579 2469 924
0.146522 2595 2485 928
0.147592 2605 2495 937
0.148541 2621 2511 942
0.149559 2639 2527 945
0.150602 2655 2543 951
0.151583 2669 2556 956
0.152583 2691 2577 962
0.153936 2709 2595 964
0.155591 2724 2609 972
0.15733 2748 2631 979
0.158484 2765 2648 984
0.159636 2782 2665 989
0.160831 2797 2680 997
0.162203 2813 2696 999
0.163829 2840 2721 1006
0.165256 2857 2736 1013
0.166592 2881 2759 1019
0.167924 2906 2784 1025
0.168925 2927 2804 1035
0.169919 2944 2819 1044
0.17138 2971 2845 1051
0.172727 2991 2862 1056
0.174111 3019 2886 1062
0.175202 3036 2902 1067
0.176814 3053 2919 1076
0.177989 3068 2932 1081
0.17919 3085 2948 1090
0.18091 3101 2964 1096
0.182084 3121 2984 1101
0.183091 3140 3003 1109
0.184504 3153 3016 1120
0.185926 3173 3035 1126
0.18697 3189 3050 1131
0.187999 3204 3065 1135
0.189203 3218 3079 1140
0.190474 3241 3099 1145
0.191424 3255 3113 1149
0.192667 3274 3132 1155
0.193894 3288 3145 1158
0.195076 3299 3156 1163
0.196335 3312 3168 1165
0.19775 3328 3184 1170
0.198723 3347 3202 1173
0.200314 3367 3219 1180
0.20217 3387 3235 1189
0.203764 3401 3249 1195
0.205345 3420 3265 1201
0.206284 3432 3275 1203
0.207738 3447 3289 1211
0.209175 3467 3306 1216
0.210623 3480 3319 1219
0.212062 3502 3340 1230
0.213284 3521 3355 1236
0.214136 3534 3368 1241
0.215601 3554 3387 1249
0.217388 3581 3412 1258
0.219203 3603 3433 1262
0.220742 3625 3453 1273
0.221749 3634 3461 1277
0.223344 3657 3482 1281
0.224896 3676 3500 1287
0.226591 3697 3519 1297
0.228435 3710 3531 1307
0.229375 3721 3540 1311
0.230844 3745 3563 1316
0.231851 3758 3575 1321
0.234011 3784 3599 1326
0.23507 3795 3610 1331
0.236732 3811 3623 1335
0.238173 3835 3647 1339
0.239894 3850 3661 1342
0.240959 3866 3677 1347
0.241995 3880 3690 1355
0.24291 3896 3706 1358
0.243678 3916 3725 1362
0.245681 3936 3742 1367
0.247532 3959 3763 1372
0.249196 3973 3775 1378
0.250748 3992 3794 1387
0.252271 4008 3809 1394
0.254148 4024 3825 1404
0.256503 4047 3847 1410
0.258432 4065 3865 1420
0.260229 4085 3884 1426
0.261999 4108 3906 1430
0.262648 4128 3925 1435
0.263096 4146 3942 1436
0.264364 4165 3958 1444
0.265948 4190 3979 1450
0.267085 4206 3995 1458
0.267638 4223 4011 1460
0.269019 4245 4032 1463
0.271282 4264 4051 1468
0.274347 4287 4073 1478
0.276321 4301 4087 1485
0.277807 4317 4103 1489
0.279685 4338 4122 1495
0.281565 4358 4139 1503
0.284196 4381 4160 1507
0.286296 4399 4177 1515
0.28826 4414 4190 1523
0.290505 4435 4209 1532
0.291641 4454 4228 1535
0.29247 4471 4244 1539
0.294173 4492 4263 1546
0.295869 4507 4276 1551
0.297602 4518 4286 1557
0.299192 4533 4299 1560
0.302104 4551 4314 1568
0.302853 4565 4328 1573
0.304939 4588 4349 1578
0.306851 4611 4367 1583
0.30881 4626 4381 1588
0.310888 4645 4397 1591
0.313299 4665 4415 1595
0.316535 4684 4431 1600
0.318397 4706 4452 1607
0.320168 4713 4459 1611
0.32384 4722 4467 1620
0.325508 4737 4482 1622
0.327528 4757 4499 1627
0.329936 4774 4514 1629
0.330562 4787 4526 1638
0.331327 4801 4540 1649
0.332082 4827 4565 1659
0.332283 4841 4578 1668
0.332533 4865 4602 1673
0.332746 4886 4623 1676
0.332948 4901 4638 1682
0.333031 4915 4652 1683
0.333097 4926 4663 1691
0.333136 4941 4678 1694
0.333193 4950 4687 1701
0.333296 4973 4710 1705
0.333373 4992 4729 1709
0.333438 5005 4742 1719
0.333478 5019 4756 1726
0.333527 5031 4768 1729
0.333591 5048 4785 1729
0.333633 5061 4798 1738
0.333705 5079 4816 1747
0.333782 5098 4835 1759
0.33384 5114 4851 1764
0.333896 5129 4866 1773
0.333963 5143 4880 1778
0.33417 5169 4906 1781
0.334514 5187 4923 1784
0.334825 5203 4939 1790
0.336338 5222 4956 1800
0.337797 5237 4971 1805
0.339342 5254 4986 1811
0.341253 5273 5003 1817
0.341838 5287 5017 1822
0.343605 5304 5033 1827
0.346061 5318 5046 1829
0.348338 5335 5062 1838
0.350699 5343 5069 1841
0.352347 5353 5077 1846
0.352992 5371 5094 1852
0.354012 5386 5109 1853
0.357118 5403 5124 1860
0.360833 5421 5139 1865
0.363831 5430 5148 1868
0.366845 5445 5162 1874
0.370684 5464 5180 1878
0.373146 5490 5203 1886
0.376437 5507 5217 1893
0.379364 5520 5228 1897
0.382662 5540 5247 1901
0.385744 5557 5262 1905
0.389611 5572 5273 1911
0.39377 5591 5291 1919
0.398149 5604 5302 1921
0.399489 5616 5314 1925
0.403603 5633 5328 1930
0.406261 5653 5347 1934
0.406643 5665 5359 1943
0.407735 5681 5375 1949
0.410789 5695 5386 1952
0.414883 5711 5400 1958
0.420676 5730 5416 1964
0.424986 5749 5432 1968
0.428599 5762 5443 1976
0.431185 5777 5454 1986
0.43162 5793 5469 1990
0.431953 5805 5480 1997
0.434251 5822 5496 2001
0.439676 5832 5504 2005
0.444498 5849 5518 2009
0.449631 5874 5538 2012
0.455019 5893 5553 2019
0.461171 5918 5570 2024
0.467082 5936 5584 2031
0.467666 5948 5594 2033
0.469463 5966 5612 2038
0.475325 5982 5626 2044
0.479146 6001 5642 2048
0.479812 6015 5655 2056
0.485356 6035 5671 2060
0.491956 6061 5695 2068
0.498848 6077 5705 2079
0.500704 6100 5723 2086
0.50121 6111 5733 2089
0.506092 6127 5747 2091
0.512555 6148 5760 2097
0.519949 6165 5772 2107
0.530913 6184 5785 2113
0.536451 6200 5796 2114
0.53763 6201 5796 2114
0.538741 6202 5797 2116
0.539872 6204 5799 2116
0.540993 6209 5803 2116
0.542084 6210 5803 2117
0.543168 6216 5806 2117
0.544252 6219 5807 2120
0.545341 6221 5808 2120
0.546435 6222 5809 2121
0.547517 6222 5809 2121
0.548564 6224 5811 2122
0.549605 6228 5815 2123
0.550637 6232 5817 2123
0.551662 6233 5818 2124
0.552686 6235 5819 2125
0.55372 6238 5821 2127
0.554741 6238 5821 2127
0.555741 6241 5823 2127
0.556725 6242 5823 2129
0.557726 6245 5825 2130
0.558727 6249 5826 2130
0.559727 6254 5829 2132
0.560726 6255 5830 2133
0.56173 6259 5833 2133
0.562717 6265 5835 2134
0.563691 6267 5837 2137
0.564675 6268 5838 2137
0.565658 6270 5838 2139
0.566637 6271 5838 2139
0.56761 6272 5838 2139
0.568565 6273 5839 2141
0.569521 6275 5839 2142
0.570471 6280 5843 2142
0.571414 6284 5846 2144
0.572369 6285 5846 2144
0.57332 6285 5846 2144
0.574266 6286 5846 2145
0.575188 6289 5848 2146
0.576103 6292 5850 2147
0.577042 6297 5853 2147
0.577968 6300 5854 2147
0.578873 6302 5856 2147
0.579758 6307 5860 2147
0.580659 6309 5862 2147
0.581567 6311 5863 2148
0.582462 6315 5865 2149
0.583344 6316 5866 2149
0.584228 6318 5867 2149
0.585108 6318 5867 2149
0.585989 6321 5868 2149
0.586861 6322 5869 2149
0.587728 6325 5870 2149
0.588598 6326 5870 2149
0.589456 6329 5871 2149
0.590314 6331 5872 2149
0.591181 6332 5872 2149
0.592031 6332 5872 2149
0.592894 6332 5872 2149
0.593757 6332 5872 2150
0.594608 6333 5873 2150
0.595442 6336 5875 2152
0.596276 6336 5875 2152
0.597118 6339 5877 2152
0.597958 6343 5881 2152
0.598783 6344 5882 2152
0.599611 6346 5883 2152
0.60043 6348 5885 2152
0.601245 6352 5887 2154
0.602059 6353 5888 2154
0.602875 6357 5889 2154
0.603683 6359 5891 2154
0.604487 6361 5891 2154
0.60528 6363 5892 2155
0.606078 6365 5893 2156
0.606867 6369 5896 2156
0.60765 6373 5898 2156
0.608435 6373 5898 2156
0.609219 6376 5901 2156
0.609995 6376 5901 2156
0.610773 6378 5902 2156
0.611542 6383 5906 2156
0.612302 6387 5909 2157
0.613069 6388 5910 2157
0.613836 6388 5910 2157
0.614595 6388 5910 2157
0.615351 6390 5911 2157
0.616107 6393 5912 2157
0.61685 6393 5912 2157
0.617598 6395 5914 2157
0.618347 6395 5914 2157
0.619092 6396 5914 2157
0.61983 6400 5917 2158
0.620562 6401 5917 2158
0.621302 6403 5919 2159
0.622029 6405 5921 2160
0.622746 6407 5921 2160
0.62347 6407 5921 2161
0.624186 6412 5924 2161
0.624908 6415 5924 2161
0.625615 6417 5926 2161
0.626323 6419 5927 2161
0.62702 6421 5929 2161
0.627717 6422 5929 2161
0.628409 6426 5932 2161
0.629102 6427 5932 2162
0.629792 6429 5933 2162
0.630481 6433 5935 2162
0.631165 6433 5935 2163
0.631854 6434 5935 2163
0.63254 6434 5935 2163
0.633221 6434 5935 2163
0.633901 6434 5935 2163
0.634581 6435 5935 2164
0.635259 6435 5935 2164
0.635934 6436 5936 2164
0.636601 6438 5938 2164
0.637267 6439 5939 2164
0.637934 6439 5939 2164
0.638596 6439 5939 2165
0.639252 6440 5940 2165
0.639895 6441 5941 2165
0.640549 6441 5941 2165
0.641197 6442 5942 2165
0.641838 6442 5942 2165
0.642479 6444 5944 2165
0.643112 6445 5945 2165
0.64374 6445 5945 2165
0.644373 6447 5945 2166
0.644995 6447 5945 2166
0.645617 6449 5946 2166
0.646236 6451 5948 2167
0.646854 6451 5948 2167
0.647466 6452 5948 2167
0.648082 6455 5950 2167
0.648686 6455 5950 2167
0.649291 6457 5952 2167
0.6499 6460 5954 2168
0.650505 6462 5956 2170
0.651108 6464 5957 2170
0.651712 6465 5957 2170
0.652305 6466 5958 2172
0.652898 6467 5959 2172
0.65349 6468 5960 2172
0.654083 6469 5961 2172
0.654674 6469 5961 2172
0.655257 6472 5962 2172
0.655836 6472 5962 2172
0.656415 6473 5963 2174
0.656991 6473 5963 2174
0.657568 6474 5963 2174
0.658134 6474 5963 2177
0.658703 6475 5964 2177
0.65927 6475 5964 2177
0.65984 6476 5965 2177
0.660407 6477 5966 2177
0.660973 6479 5967 2177
0.661526 6481 5967 2177
0.662087 6483 5968 2177
0.662644 6484 5969 2177
0.663199 6485 5969 2177
0.663748 6486 5970 2177
0.664299 6486 5970 2177
0.664847 6486 5970 2177
0.665395 6487 5971 2177
0.66594 6488 5972 2177
0.666483 6491 5975 2177
0.667021 6493 5976 2177
0.667557 6495 5976 2177
0.66809 6496 5977 2178
0.668618 6497 5977 2179
0.669147 6497 5977 2180
0.669673 6498 5977 2180
0.670195 6499 5977 2181
0.670717 6501 5978 2181
0.67124 6503 5979 2181
0.671756 6505 5980 2181
0.672272 6508 5982 2181
0.672785 6509 5983 2181
0.6733 6510 5984 2181
0.673807 6511 5984 2182
0.674314 6511 5984 2183
0.674817 6512 5986 2183
0.675317 6514 5987 2183
0.675812 6514 5987 2184
0.676307 6516 5989 2184
0.676808 6517 5990 2186
0.677305 6518 5990 2186
0.677803 6519 5991 2186
0.678293 6521 5991 2187
0.678786 6521 5991 2187
0.679275 6522 5992 2187
0.679764 6523 5992 2187
0.680249 6527 5995 2187
0.680734 6527 5995 2187
0.681221 6527 5995 2187
0.681704 6528 5995 2187
0.68218 6530 5995 2187
0.682657 6530 5995 2189
0.683127 6532 5996 2189
0.683598 6535 5997 2190
0.684071 6535 5997 2191
0.684537 6535 5997 2191
0.685009 6535 5997 2191
0.685475 6536 5998 2191
0.685939 6536 5998 2191
0.686401 6539 5999 2192
0.686859 6540 6000 2192
0.687316 6543 6002 2192
0.687769 6545 6004 2193
0.688216 6546 6004 2193
0.688674 6547 6004 2193
0.689124 6547 6004 2193
0.689572 6547 6004 2193
0.690023 6548 6005 2194
0.69047 6549 6005 2194
0.690916 6549 6005 2194
0.691354 6551 6005 2194
0.691794 6551 6005 2194
0.692235 6554 6005 2195
0.692673 6555 6005 2195
0.693106 6556 6006 2195
0.69354 6558 6006 2195
0.693976 6559 6006 2195
0.694408 6559 6006 2195
0.694835 6559 6006 2196
0.695261 6560 6006 2197
0.695688 6560 6006 2197
0.696119 6561 6007 2198
0.696538 6562 6008 2198
0.696953 6562 6008 2198
0.697367 6563 6008 2199
0.697783 6565 6008 2199
0.698198 6566 6008 2199
0.698616 6567 6008 2200
0.699026 6568 6008 2200
0.699433 6568 6008 2200
0.699842 6568 6008 2200
0.700252 6570 6009 2200
0.70066 6570 6009 2200
0.701067 6570 6009 2200
0.701472 6571 6010 2200
0.701875 6571 6010 2200
0.70228 6572 6010 2200
0.702675 6573 6011 2200
0.70307 6573 6011 2201
0.703463 6575 6013 2201
0.703859 6575 6013 2201
0.704251 6577 6015 2202
0.70464 6578 6016 2202
0.705032 6578 6016 2202
0.705423 6581 6018 2203
0.705812 6581 6018 2203
0.706199 6581 6018 2203
0.706585 6582 6019 2203
0.706967 6583 6020 2203
0.707352 6583 6020 2203
0.707733 6583 6020 2203
0.708113 6584 6020 2203
0.70849 6586 6020 2203
0.708867 6586 6020 2203
0.709246 6587 6020 2203
0.709618 6587 6020 2204
0.709991 6587 6020 2204
0.71036 6587 6020 2204
0.710728 6587 6020 2205
0.711098 6587 6020 2206
0.711465 6587 6020 2206
0.711832 6587 6020 2207
0.712196 6588 6020 2207
0.712562 6590 6020 2207
0.712926 6590 6020 2208
0.713289 6591 6020 2208
0.71365 6591 6020 2208
0.714009 6591 6020 2209
0.714365 6592 6020 2209
0.714725 6593 6021 2209
0.715082 6595 6022 2209
0.71544 6595 6022 2209
0.715794 6595 6022 2209
0.716147 6596 6022 2209
0.716497 6597 6023 2209
0.716842 6597 6023 2209
0.71719 6597 6023 2209
0.717537 6598 6024 2209
0.717885 6599 6024 2209
0.718229 6599 6024 2209
0.71857 6599 6024 2209
0.718911 6599 6024 2209
0.719253 6599 6024 2210
0.719594 6599 6024 2210
0.719935 6599 6024 2211
0.720269 6599 6024 2211
0.720602 6600 6025 2211
0.720937 6600 6025 2211
0.721273 6601 6026 2211
0.721601 6601 6026 2211
0.721932 6602 6026 2211
0.722261 6603 6026 2211
0.722593 6603 6026 2211
0.72292 6605 6027 2211
0.723246 6606 6027 2212
0.723574 6608 6029 2212
0.723899 6610 6030 2213
0.724221 6610 6030 2213
0.724542 6611 6030 2213
0.724866 6613 6031 2213
0.725184 6613 6031 2213
0.725502 6613 6031 2213
0.725818 6613 6031 2213
0.72614 6613 6031 2214
0.726455 6614 6031 2214
0.72677 6616 6032 2214
0.72708 6616 6032 2214
0.727394 6617 6032 2214
0.727707 6620 6033 2214
0.728021 6622 6035 2214
0.728331 6623 6036 2214
0.728636 6623 6036 2214
0.728945 6623 6036 2214
0.72925 6623 6036 2214
0.729553 6624 6036 2214
0.72986 6625 6036 2214
0.730164 6625 6036 2214
0.730466 6625 6036 2214
0.730777 6625 6036 2214
0.731081 6625 6036 2214
0.731381 6626 6036 2214
0.731676 6626 6036 2214
0.731979 6627 6036 2214
0.732272 6628 6037 2214
0.732568 6630 6038 2215
0.732863 6630 6038 2215
0.73316 6631 6038 2216
0.733453 6631 6038 2216
0.733744 6631 6038 2216
0.734037 6631 6038 2216
0.734326 6631 6038 2216
0.734615 6634 6040 2216
0.734902 6635 6041 2216
0.735191 6636 6042 2216
0.735476 6638 6044 2216
0.735763 6639 6044 2216
0.736046 6639 6044 2216
0.736329 6642 6047 2216
0.736611 6642 6047 2217
0.736892 6646 6050 2217
0.737173 6646 6050 2218
0.737454 6646 6050 2218
0.737732 6646 6050 2218
0.738012 6646 6050 2218
0.738288 6646 6050 2219
0.738565 6646 6050 2219
0.73884 6646 6050 2219
0.739116 6646 6050 2219
0.73939 6646 6050 2219
0.739662 6646 6050 2219
0.739934 6646 6050 2219
0.740207 6647 6051 2219
0.740475 6648 6052 2219
0.740746 6648 6052 2220
0.741015 6649 6052 2220
0.74128 6649 6052 2221
0.741547 6650 6052 2221
0.741813 6651 6053 2221
0.742075 6652 6054 2221
0.742338 6652 6054 2221
0.7426 6652 6054 2221
0.742863 6653 6055 2222
0.743125 6653 6055 2222
0.743385 6653 6055 2222
0.743648 6654 6055 2222
0.743911 6655 6055 2222
0.744171 6655 6055 2222
0.744424 6656 6055 2222
0.744682 6656 6055 2222
0.744942 6657 6055 2222
0.745197 6657 6055 2222
0.745459 6658 6055 2222
0.745716 6658 6055 2222
0.745965 6658 6055 2222
0.74622 6659 6055 2222
0.746469 6659 6055 2222
0.746721 6659 6055 2222
0.746971 6659 6055 2222
0.747217 6659 6055 2222
0.747469 6659 6055 2222
0.74772 6660 6055 2222
0.747973 6660 6055 2222
0.748214 6660 6055 2222
0.748456 6661 6055 2222
0.7487 6663 6055 2222
0.748944 6665 6057 2222
0.749189 6665 6057 2222
0.749431 6665 6057 2222
0.749674 6665 6057 2222
0.749916 6665 6057 2222
0.750156 6667 6058 2222
0.750398 6668 6059 2222
0.750638 6668 6059 2222
0.750877 6668 6059 2222
0.751116 6668 6059 2222
0.751348 6668 6059 2222
0.751583 6668 6059 2222
0.75182 6668 6059 2222
0.752055 6668 6059 2222
0.752289 6668 6059 2223
0.75252 6668 6059 2223
0.752754 6668 6059 2223
0.752985 6668 6059 2223
0.753219 6669 6060 2223
0.753449 6670 6061 2223
0.75368 6671 6062 2223
0.753909 6671 6062 2223
0.754142 6671 6062 2223
0.754371 6672 6063 2223
0.754596 6673 6064 2223
0.754824 6673 6064 2223
0.755053 6673 6064 2223
0.755278 6674 6065 2223
0.755501 6675 6065 2223
0.755724 6675 6065 2223
0.755949 6675 6065 2223
0.756173 6677 6065 2223
0.7564 6677 6065 2223
0.756622 6677 6065 2223
0.756843 6677 6065 2223
0.757064 6677 6065 2223
0.757284 6677 6065 2223
0.757503 6677 6065 2223
0.757723 6677 6065 2223
0.757943 6677 6065 2223
0.758159 6677 6065 2223
0.758376 6677 6065 2223
0.758591 6678 6065 2223
0.758809 6679 6066 2223
0.759025 6680 6067 2223
0.759238 6680 6067 2223
0.759449 6681 6068 2223
0.759661 6681 6068 2223
0.759873 6681 6068 2223
0.760085 6681 6068 2223
0.760297 6681 6068 2223
0.760507 6681 6068 2224
0.760718 6681 6068 2224
0.760927 6682 6069 2224
0.761139 6682 6069 2224
0.761347 6682 6069 2224
0.761556 6682 6069 2224
0.761764 6682 6069 2224
0.761969 6682 6069 2224
0.762171 6682 6069 2224
0.762375 6682 6069 2225
0.762577 6682 6069 2225
0.762783 6682 6069 2225
0.762989 6682 6069 2225
0.76319 6683 6069 2225
0.76339 6683 6069 2225
0.763592 6683 6069 2225
0.763793 6683 6069 2225
0.763994 6683 6069 2225
0.764196 6683 6069 2225
0.764395 6684 6069 2225
0.764594 6687 6072 2225
0.764795 6688 6072 2225
0.764992 6688 6072 2225
0.765188 6689 6073 2225
0.765384 6689 6073 2225
0.76558 6690 6074 2225
0.765774 6691 6074 2226
0.765974 6691 6074 2226
0.766167 6691 6074 2226
0.766362 6692 6074 2227
0.766554 6692 6074 2227
0.766745 6692 6074 2227
0.766937 6692 6074 2227
0.767129 6692 6074 2227
0.76732 6692 6074 2227
0.767511 6692 6074 2227
0.767702 6692 6074 2227
0.767892 6692 6074 2227
0.768082 6692 6074 2227
0.768269 6692 6074 2227
0.768461 6692 6074 2227
0.76865 6692 6074 2227
0.768838 6692 6074 2227
0.769026 6692 6074 2227
0.769213 6692 6074 2227
0.769401 6692 6074 2227
0.769589 6692 6074 2227
0.769773 6692 6074 2227
0.769959 6692 6074 2227
0.770147 6692 6074 2227
0.770333 6692 6074 2227
0.770519 6693 6074 2227
0.770705 6693 6074 2227
0.770887 6693 6074 2227
0.77107 6693 6074 2227
0.77125 6693 6074 2227
0.771431 6693 6074 2227
0.771614 6693 6074 2227
0.771796 6693 6074 2227
0.771978 6693 6074 2227
0.772157 6693 6074 2227
0.772337 6693 6074 2227
0.772517 6693 6074 2227
0.772695 6693 6074 2227
0.772874 6693 6074 2227
0.77305 6694 6075 2227
0.773227 6694 6075 2227
0.773403 6694 6075 2227
0.773579 6695 6076 2227
0.773753 6696 6076 2227
0.773928 6696 6076 2227
0.774102 6696 6076 2227
0.774278 6696 6076 2227
0.774446 6696 6076 2227
0.774619 6696 6076 2227
0.774792 6697 6076 2227
0.774964 6697 6076 2227
0.775136 6697 6076 2227
0.775304 6697 6076 2227
0.775475 6697 6076 2227
0.775644 6697 6076 2227
0.775816 6698 6077 2227
0.775988 6698 6077 2227
0.776156 6698 6077 2227
0.776323 6698 6077 2227
0.776489 6698 6077 2227
0.776655 6699 6078 2227
0.776821 6699 6078 2227
0.776991 6699 6078 2227
0.777154 6699 6078 2227
0.777319 6699 6078 2227
0.777485 6699 6078 2227
0.777651 6699 6078 2227
0.777814 6699 6078 2227
0.777977 6699 6078 2227
0.778139 6700 6079 2227
0.778307 6700 6079 2227
0.778472 6700 6079 2227
0.778637 6700 6079 2227
0.778797 6700 6079 2227
0.778963 6700 6079 2227
0.779124 6701 6080 2227
0.779282 6701 6080 2227
0.779445 6702 6081 2227
0.779605 6702 6081 2227
0.779765 6702 6081 2227
0.779925 6704 6081 2227
0.780086 6704 6081 2227
0.780243 6705 6081 2227
0.780401 6705 6081 2227
0.78056 6705 6081 2227
0.780716 6705 6081 2227
0.780873 6706 6082 2227
0.781031 6706 6082 2227
0.781192 6707 6083 2227
0.78135 6707 6083 2227
0.781506 6707 6083 2227
0.781661 6707 6083 2227
0.781819 6707 6083 2227
0.781975 6707 6083 2227
0.782127 6707 6083 2227
0.782279 6707 6083 2227
0.782433 6707 6083 2227
0.782584 6707 6083 2227
0.782737 6707 6083 2227
0.782889 6707 6083 2227
0.783039 6709 6084 2227
0.783187 6709 6084 2227
0.783337 6709 6084 2227
0.783485 6709 6084 2227
0.783635 6709 6084 2227
0.783785 6709 6084 2227
0.783933 6710 6084 2227
0.784081 6710 6084 2227
0.784232 6710 6084 2227
0.784379 6710 6084 2227
0.784528 6710 6084 2227
0.784673 6710 6084 2227
0.784823 6711 6085 2227
0.784972 6712 6086 2228
0.785119 6712 6086 2228
0.785264 6712 6086 2228
0.785412 6712 6086 2228
0.785555 6712 6086 2228
0.785702 6712 6086 2228
0.785849 6712 6086 2228
0.785993 6712 6086 2228
0.786136 6712 6086 2229
0.786281 6712 6086 2229
0.786426 6712 6086 2229
0.78657 6714 6087 2229
0.786716 6714 6087 2229
0.78686 6715 6087 2229
0.787004 6715 6087 2229
0.787145 6716 6088 2229
0.787287 6718 6089 2229
0.78743 6718 6089 2229
0.787575 6718 6089 2229
0.787714 6718 6089 2229
0.787856 6718 6089 2229
0.787998 6718 6089 2229
0.788138 6718 6089 2229
0.788274 6719 6090 2229
0.788413 6720 6091 2229
0.788555 6720 6091 2229
0.788693 6720 6091 2229
0.788833 6720 6091 2229
0.788973 6720 6091 2229
0.789107 6721 6092 2229
0.789244 6721 6092 2229
0.789383 6722 6092 2229
0.789521 6724 6093 2229
0.789657 6724 6093 2229
0.789796 6725 6094 2229
0.789931 6725 6094 2229
0.790065 6726 6095 2229
0.790199 6726 6095 2229
0.790333 6727 6095 2230
0.79047 6727 6095 2230
0.790603 6727 6095 2230
0.790737 6727 6095 2230
0.79087 6727 6095 2230
0.791006 6727 6095 2230
0.79114 6727 6095 2230
0.791272 6727 6095 2230
0.791401 6727 6095 2230
0.791536 6727 6095 2230
0.791669 6728 6095 2230
0.791802 6728 6095 2230
0.791936 6728 6095 2230
0.792068 6728 6095 2231
0.7922 6728 6095 2231
0.792333 6728 6095 2231
0.792465 6728 6095 2231
0.792595 6728 6095 2231
0.792723 6728 6095 2231
0.79285 6728 6095 2231
0.792978 6728 6095 2231
0.793107 6729 6095 2231
0.793236 6729 6095 2232
0.793366 6729 6095 2232
0.793494 6729 6095 2232
0.793622 6729 6095 2232
0.79375 6729 6095 2233
0.793877 6730 6096 2233
0.794005 6730 6096 2233
0.794133 6731 6096 2233
0.794258 6731 6096 2234
0.794384 6733 6096 2234
0.794511 6733 6096 2234
0.794636 6733 6096 2234
0.794763 6733 6096 2234
0.79489 6733 6096 2234
0.795014 6733 6096 2234
0.795136 6733 6096 2234
0.795261 6733 6096 2234
0.795383 6734 6096 2234
0.795506 6735 6097 2234
0.795631 6736 6097 2234
0.795753 6736 6097 2234
0.795874 6736 6097 2234
0.795997 6736 6097 2234
0.796118 6736 6097 2234
0.796242 6736 6097 2234
0.796363 6736 6097 2234
0.796484 6736 6097 2234
0.796605 6736 6097 2235
0.796725 6736 6097 2235
0.796844 6736 6097 2235
0.796965 6736 6097 2235
0.797089 6737 6098 2235
0.797207 6738 6098 2235
0.797326 6738 6098 2235
0.797444 6739 6098 2235
0.797564 6739 6098 2235
0.797684 6739 6098 2235
0.797802 6739 6099 2235
0.797922 6739 6099 2235
0.79804 6739 6099 2235
0.798157 6740 6099 2235
0.798273 6741 6100 2235
0.798391 6741 6100 2235
0.798507 6741 6100 2235
0.79862 6742 6101 2235
0.798739 6742 6101 2235
0.798855 6742 6101 2235
0.798972 6742 6101 2235
0.799088 6742 6101 2235
0.799205 6742 6101 2235
0.799318 6742 6101 2235
0.799432 6742 6101 2235
0.799544 6742 6101 2235
0.799659 6742 6101 2235
0.799774 6742 6101 2235
0.79989 6742 6101 2235
