time	conversion	overall_conversion
10.4734	0.000152523	0.000152523
21.1495	0.00033776	0.00033776
31.6009	0.000485719	0.000485719
41.8898	0.000633027	0.000633027
51.8902	0.000757198	0.000757198
62.2395	0.000893355	0.000893355
72.2396	0.0011826	0.0011826
82.2397	0.00176352	0.00176352
92.2399	0.00296835	0.00296835
102.24	0.00362493	0.00362493
112.24	0.00453961	0.00453961
122.24	0.00552594	0.00552594
132.24	0.00699529	0.00699529
142.24	0.00822717	0.00822717
152.241	0.00973706	0.00973706
162.241	0.0106591	0.0106591
172.241	0.0120006	0.0120006
182.241	0.0132033	0.0132033
192.241	0.014465	0.014465
203.354	0.0157866	0.0157866
213.354	0.0171453	0.0171453
223.354	0.0183642	0.0183642
233.354	0.0195304	0.0195304
243.354	0.0209789	0.0209789
253.354	0.0224518	0.0224518
263.354	0.0237421	0.0237421
273.458	0.0248758	0.0248758
283.458	0.0264651	0.0264651
293.458	0.0276666	0.0276666
303.458	0.0290076	0.0290076
313.458	0.0301465	0.0301465
323.458	0.0309741	0.0309741
333.459	0.0321112	0.0321112
343.459	0.033398	0.033398
353.459	0.0346441	0.0346441
363.459	0.0356821	0.0356821
373.459	0.0366764	0.0366764
383.46	0.0379696	0.0379696
393.46	0.0393553	0.0393553
403.46	0.0405139	0.0405139
413.46	0.041713	0.041713
423.46	0.0429649	0.0429649
433.46	0.0440545	0.0440545
443.46	0.0451738	0.0451738
453.493	0.0461036	0.0461036
463.591	0.0472479	0.0472479
473.591	0.048274	0.048274
483.591	0.0493311	0.0493311
493.64	0.0501584	0.0501584
503.64	0.0511728	0.0511728
513.64	0.0524224	0.0524224
523.641	0.0531818	0.0531818
533.641	0.0540342	0.0540342
543.641	0.0552605	0.0552605
553.762	0.0564989	0.0564989
563.762	0.0576114	0.0576114
573.762	0.0588582	0.0588582
583.762	0.0599381	0.0599381
593.762	0.0610262	0.0610262
604.214	0.0619634	0.0619634
614.214	0.0632393	0.0632393
624.3	0.0641017	0.0641017
634.3	0.0647541	0.0647541
644.301	0.0661972	0.0661972
654.301	0.0672186	0.0672186
664.301	0.0684528	0.0684528
674.301	0.0692894	0.0692894
684.301	0.0705194	0.0705194
694.301	0.0717086	0.0717086
704.821	0.0729064	0.0729064
714.821	0.0739594	0.0739594
724.822	0.075285	0.075285
735.936	0.0764273	0.0764273
745.936	0.0777612	0.0777612
755.936	0.0787704	0.0787704
766.409	0.0798106	0.0798106
776.409	0.0811315	0.0811315
786.409	0.0821938	0.0821938
796.409	0.0832065	0.0832065
806.409	0.0842779	0.0842779
816.409	0.0853749	0.0853749
826.409	0.0862988	0.0862988
836.409	0.0874425	0.0874425
846.409	0.0886046	0.0886046
856.41	0.0894062	0.0894062
866.41	0.0906124	0.0906124
876.41	0.0919555	0.0919555
886.41	0.0927904	0.0927904
896.41	0.0940355	0.0940355
906.411	0.0947795	0.0947795
916.411	0.0960014	0.0960014
926.411	0.097488	0.097488
936.761	0.0988493	0.0988493
946.761	0.0999387	0.0999387
956.761	0.101056	0.101056
966.761	0.102225	0.102225
976.761	0.103391	0.103391
986.762	0.104505	0.104505
996.762	0.105557	0.105557
1007.12	0.106799	0.106799
1017.12	0.107491	0.107491
1027.12	0.108645	0.108645
1037.16	0.109581	0.109581
1048.02	0.110753	0.110753
1058.51	0.11191	0.11191
1068.53	0.113244	0.113244
1078.53	0.114525	0.114525
1088.53	0.115936	0.115936
1098.53	0.117056	0.117056
1108.63	0.118105	0.118105
1118.63	0.119338	0.119338
1128.63	0.120647	0.120647
1138.63	0.122073	0.122073
1148.63	0.123356	0.123356
1158.63	0.124609	0.124609
1168.63	0.125792	0.125792
1178.63	0.126534	0.126534
1188.63	0.127152	0.127152
1198.67	0.128003	0.128003
1208.67	0.129225	0.129225
1218.67	0.130449	0.130449
1228.71	0.13163	0.13163
1238.71	0.132594	0.132594
1249.28	0.133518	0.133518
1259.28	0.134299	0.134299
1269.28	0.135363	0.135363
1279.28	0.13661	0.13661
1289.29	0.138005	0.138005
1299.29	0.139198	0.139198
1309.29	0.140638	0.140638
1319.29	0.142023	0.142023
1329.29	0.143228	0.143228
1339.29	0.144474	0.144474
1349.29	0.145365	0.145365
1359.29	0.146522	0.146522
1370.34	0.147592	0.147592
1380.34	0.148541	0.148541
1390.34	0.149559	0.149559
1400.34	0.150602	0.150602
1410.65	0.151583	0.151583
1421.1	0.152583	0.152583
1431.1	0.153936	0.153936
1441.1	0.155591	0.155591
1451.1	0.15733	0.15733
1461.19	0.158484	0.158484
1471.53	0.159636	0.159636
1481.53	0.160831	0.160831
1491.53	0.162203	0.162203
1501.53	0.163829	0.163829
1511.53	0.165256	0.165256
1521.53	0.166592	0.166592
1531.53	0.167924	0.167924
1541.61	0.168925	0.168925
1552.33	0.169919	0.169919
1562.33	0.17138	0.17138
1572.33	0.172727	0.172727
1582.57	0.174111	0.174111
1592.57	0.175202	0.175202
1602.57	0.176814	0.176814
1612.57	0.177989	0.177989
1622.57	0.17919	0.17919
1632.57	0.18091	0.18091
1642.57	0.182084	0.182084
1652.57	0.183091	0.183091
1662.94	0.184504	0.184504
1673.38	0.185926	0.185926
1683.69	0.18697	0.18697
1693.69	0.187999	0.187999
1703.69	0.189203	0.189203
1713.69	0.190474	0.190474
1723.69	0.191424	0.191424
1733.69	0.192667	0.192667
1743.69	0.193894	0.193894
1753.69	0.195076	0.195076
1763.69	0.196335	0.196335
1773.69	0.19775	0.19775
1783.69	0.198723	0.198723
1793.69	0.200314	0.200314
1803.69	0.20217	0.20217
1813.69	0.203764	0.203764
1823.69	0.205345	0.205345
1833.69	0.206284	0.206284
1843.69	0.207738	0.207738
1853.69	0.209175	0.209175
1863.69	0.210623	0.210623
1873.69	0.212062	0.212062
1883.81	0.213284	0.213284
1893.81	0.214136	0.214136
1903.92	0.215601	0.215601
1913.92	0.217388	0.217388
1923.92	0.219203	0.219203
1934.01	0.220742	0.220742
1944.7	0.221749	0.221749
1954.7	0.223344	0.223344
1964.7	0.224896	0.224896
1974.7	0.226591	0.226591
1984.72	0.228435	0.228435
1994.89	0.229375	0.229375
2004.89	0.230844	0.230844
2014.89	0.231851	0.231851
2024.89	0.234011	0.234011
2035.03	0.23507	0.23507
2045.03	0.236732	0.236732
2055.12	0.238173	0.238173
2065.12	0.239894	0.239894
2075.12	0.240959	0.240959
2085.53	0.241995	0.241995
2095.53	0.24291	0.24291
2105.53	0.243678	0.243678
2115.53	0.245681	0.245681
2125.53	0.247532	0.247532
2135.86	0.249196	0.249196
2145.86	0.250748	0.250748
2155.86	0.252271	0.252271
2165.86	0.254148	0.254148
2175.86	0.256503	0.256503
2185.86	0.258432	0.258432
2195.86	0.260229	0.260229
2206.38	0.261999	0.261999
2216.38	0.262648	0.262648
2226.85	0.263096	0.263096
2237.56	0.264364	0.264364
2247.56	0.265948	0.265948
2257.56	0.267085	0.267085
2267.59	0.267638	0.267638
2277.59	0.269019	0.269019
2287.59	0.271282	0.271282
2297.59	0.274347	0.274347
2307.59	0.276321	0.276321
2317.59	0.277807	0.277807
2327.59	0.279685	0.279685
2337.59	0.281565	0.281565
2348.99	0.284196	0.284196
2358.99	0.286296	0.286296
2368.99	0.28826	0.28826
2378.99	0.290505	0.290505
2389.08	0.291641	0.291641
2399.08	0.29247	0.29247
2409.93	0.294173	0.294173
2419.93	0.295869	0.295869
2429.93	0.297602	0.297602
2439.93	0.299192	0.299192
2451.55	0.302104	0.302104
2461.81	0.302853	0.302853
2471.81	0.304939	0.304939
2481.81	0.306851	0.306851
2491.81	0.30881	0.30881
2501.81	0.310888	0.310888
2511.81	0.313299	0.313299
2521.81	0.316535	0.316535
2531.81	0.318397	0.318397
2542.37	0.320168	0.320168
2552.37	0.32384	0.32384
2562.41	0.325508	0.325508
2572.41	0.327528	0.327528
2582.41	0.329936	0.329936
2592.55	0.330562	0.330562
2603.17	0.331327	0.331327
2614.37	0.332082	0.332082
2624.8	0.332283	0.332283
2635.78	0.332533	0.332533
2645.78	0.332746	0.332746
2656.18	0.332948	0.332948
2666.52	0.333031	0.333031
2676.7	0.333097	0.333097
2686.86	0.333136	0.333136
2697.05	0.333193	0.333193
2707.87	0.333296	0.333296
2718.13	0.333373	0.333373
2728.56	0.333438	0.333438
2738.91	0.333478	0.333478
2749.16	0.333527	0.333527
2759.45	0.333591	0.333591
2769.6	0.333633	0.333633
2780.32	0.333705	0.333705
2791.42	0.333782	0.333782
2801.42	0.33384	0.33384
2811.76	0.333896	0.333896
2822.2	0.333963	0.333963
2832.45	0.33417	0.33417
2842.83	0.334514	0.334514
2853.05	0.334825	0.334825
2863.29	0.336338	0.336338
2873.3	0.337797	0.337797
2883.3	0.339342	0.339342
2893.3	0.341253	0.341253
2903.3	0.341838	0.341838
2913.3	0.343605	0.343605
2923.3	0.346061	0.346061
2933.3	0.348338	0.348338
2943.3	0.350699	0.350699
2953.58	0.352347	0.352347
2963.84	0.352992	0.352992
2974.94	0.354012	0.354012
2984.94	0.357118	0.357118
2995.55	0.360833	0.360833
3005.55	0.363831	0.363831
3016.39	0.366845	0.366845
3026.39	0.370684	0.370684
3036.39	0.373146	0.373146
3046.39	0.376437	0.376437
3056.39	0.379364	0.379364
3067.56	0.382662	0.382662
3077.56	0.385744	0.385744
3087.56	0.389611	0.389611
3097.64	0.39377	0.39377
3107.64	0.398149	0.398149
3117.84	0.399489	0.399489
3127.84	0.403603	0.403603
3138.35	0.406261	0.406261
3151.79	0.406643	0.406643
3162.1	0.407735	0.407735
3172.47	0.410789	0.410789
3182.47	0.414883	0.414883
3192.47	0.420676	0.420676
3202.47	0.424986	0.424986
3212.9	0.428599	0.428599
3223.73	0.431185	0.431185
3233.93	0.43162	0.43162
3244.55	0.431953	0.431953
3254.55	0.434251	0.434251
3264.55	0.439676	0.439676
3274.55	0.444498	0.444498
3284.55	0.449631	0.449631
3294.55	0.455019	0.455019
3304.55	0.461171	0.461171
3315.31	0.467082	0.467082
3325.34	0.467666	0.467666
3336.36	0.469463	0.469463
3346.36	0.475325	0.475325
3356.36	0.479146	0.479146
3366.56	0.479812	0.479812
3376.56	0.485356	0.485356
3386.56	0.491956	0.491956
3396.56	0.498848	0.498848
3406.79	0.500704	0.500704
3416.79	0.50121	0.50121
3426.79	0.506092	0.506092
3436.79	0.512555	0.512555
3446.79	0.519949	0.519949
3456.79	0.530913	0.530913
3466.79	0.536451	0.536451
3476.79	0.53763	0.53763
3486.79	0.538741	0.538741
3496.79	0.539872	0.539872
3506.79	0.540993	0.540993
3516.79	0.542084	0.542084
3526.79	0.543168	0.543168
3536.79	0.544252	0.544252
3546.79	0.545341	0.545341
3556.79	0.546435	0.546435
3566.79	0.547517	0.547517
3576.79	0.548564	0.548564
3586.79	0.549605	0.549605
3596.79	0.550637	0.550637
3606.79	0.551662	0.551662
3616.79	0.552686	0.552686
3626.79	0.55372	0.55372
3636.79	0.554741	0.554741
3646.79	0.555741	0.555741
3656.79	0.556725	0.556725
3666.79	0.557726	0.557726
3676.79	0.558727	0.558727
3686.79	0.559727	0.559727
3696.79	0.560726	0.560726
3706.79	0.56173	0.56173
3716.79	0.562717	0.562717
3726.79	0.563691	0.563691
3736.79	0.564675	0.564675
3746.79	0.565658	0.565658
3756.79	0.566637	0.566637
3766.79	0.56761	0.56761
3776.79	0.568565	0.568565
3786.79	0.569521	0.569521
3796.79	0.570471	0.570471
3806.79	0.571414	0.571414
3816.79	0.572369	0.572369
3826.79	0.57332	0.57332
3836.79	0.574266	0.574266
3846.79	0.575188	0.575188
3856.79	0.576103	0.576103
3866.79	0.577042	0.577042
3876.79	0.577968	0.577968
3886.79	0.578873	0.578873
3896.79	0.579758	0.579758
3906.79	0.580659	0.580659
3916.79	0.581567	0.581567
3926.79	0.582462	0.582462
3936.79	0.583344	0.583344
3946.79	0.584228	0.584228
3956.79	0.585108	0.585108
3966.79	0.585989	0.585989
3976.79	0.586861	0.586861
3986.8	0.587728	0.587728
3996.8	0.588598	0.588598
4006.8	0.589456	0.589456
4016.8	0.590314	0.590314
4026.8	0.591181	0.591181
4036.8	0.592031	0.592031
4046.8	0.592894	0.592894
4056.8	0.593757	0.593757
4066.8	0.594608	0.594608
4076.8	0.595442	0.595442
4086.8	0.596276	0.596276
4096.8	0.597118	0.597118
4106.8	0.597958	0.597958
4116.8	0.598783	0.598783
4126.8	0.599611	0.599611
4136.8	0.60043	0.60043
4146.8	0.601245	0.601245
4156.8	0.602059	0.602059
4166.8	0.602875	0.602875
4176.8	0.603683	0.603683
4186.8	0.604487	0.604487
4196.8	0.60528	0.60528
4206.8	0.606078	0.606078
4216.8	0.606867	0.606867
4226.8	0.60765	0.60765
4236.8	0.608435	0.608435
4246.8	0.609219	0.609219
4256.8	0.609995	0.609995
4266.8	0.610773	0.610773
4276.8	0.611542	0.611542
4286.8	0.612302	0.612302
4296.8	0.613069	0.613069
4306.8	0.613836	0.613836
4316.8	0.614595	0.614595
4326.8	0.615351	0.615351
4336.8	0.616107	0.616107
4346.8	0.61685	0.61685
4356.8	0.617598	0.617598
4366.8	0.618347	0.618347
4376.8	0.619092	0.619092
4386.8	0.61983	0.61983
4396.8	0.620562	0.620562
4406.8	0.621302	0.621302
4416.8	0.622029	0.622029
4426.8	0.622746	0.622746
4436.8	0.62347	0.62347
4446.8	0.624186	0.624186
4456.81	0.624908	0.624908
4466.81	0.625615	0.625615
4476.81	0.626323	0.626323
4486.81	0.62702	0.62702
4496.81	0.627717	0.627717
4506.81	0.628409	0.628409
4516.81	0.629102	0.629102
4526.81	0.629792	0.629792
4536.81	0.630481	0.630481
4546.81	0.631165	0.631165
4556.81	0.631854	0.631854
4566.81	0.63254	0.63254
4576.81	0.633221	0.633221
4586.81	0.633901	0.633901
4596.81	0.634581	0.634581
4606.81	0.635259	0.635259
4616.81	0.635934	0.635934
4626.81	0.636601	0.636601
4636.81	0.637267	0.637267
4646.81	0.637934	0.637934
4656.81	0.638596	0.638596
4666.81	0.639252	0.639252
4676.81	0.639895	0.639895
4686.81	0.640549	0.640549
4696.81	0.641197	0.641197
4706.81	0.641838	0.641838
4716.81	0.642479	0.642479
4726.81	0.643112	0.643112
4736.81	0.64374	0.64374
4746.81	0.644373	0.644373
4756.81	0.644995	0.644995
4766.81	0.645617	0.645617
4776.81	0.646236	0.646236
4786.81	0.646854	0.646854
4796.81	0.647466	0.647466
4806.81	0.648082	0.648082
4816.81	0.648686	0.648686
4826.81	0.649291	0.649291
4836.81	0.6499	0.6499
4846.81	0.650505	0.650505
4856.81	0.651108	0.651108
4866.81	0.651712	0.651712
4876.81	0.652305	0.652305
4886.81	0.652898	0.652898
4896.81	0.65349	0.65349
4906.82	0.654083	0.654083
4916.82	0.654674	0.654674
4926.82	0.655257	0.655257
4936.82	0.655836	0.655836
4946.82	0.656415	0.656415
4956.82	0.656991	0.656991
4966.82	0.657568	0.657568
4976.82	0.658134	0.658134
4986.82	0.658703	0.658703
4996.82	0.65927	0.65927
5006.82	0.65984	0.65984
5016.82	0.660407	0.660407
5026.82	0.660973	0.660973
5036.82	0.661526	0.661526
5046.82	0.662087	0.662087
5056.82	0.662644	0.662644
5066.82	0.663199	0.663199
5076.82	0.663748	0.663748
5086.82	0.664299	0.664299
5096.82	0.664847	0.664847
5106.82	0.665395	0.665395
5116.82	0.66594	0.66594
5126.82	0.666483	0.666483
5136.82	0.667021	0.667021
5146.82	0.667557	0.667557
5156.82	0.66809	0.66809
5166.82	0.668618	0.668618
5176.82	0.669147	0.669147
5186.82	0.669673	0.669673
5196.82	0.670195	0.670195
5206.82	0.670717	0.670717
5216.82	0.67124	0.67124
5226.82	0.671756	0.671756
5236.82	0.672272	0.672272
5246.82	0.672785	0.672785
5256.82	0.6733	0.6733
5266.82	0.673807	0.673807
5276.82	0.674314	0.674314
5286.83	0.674817	0.674817
5296.83	0.675317	0.675317
5306.83	0.675812	0.675812
5316.83	0.676307	0.676307
5326.83	0.676808	0.676808
5336.83	0.677305	0.677305
5346.83	0.677803	0.677803
5356.83	0.678293	0.678293
5366.83	0.678786	0.678786
5376.83	0.679275	0.679275
5386.83	0.679764	0.679764
5396.83	0.680249	0.680249
5406.83	0.680734	0.680734
5416.83	0.681221	0.681221
5426.83	0.681704	0.681704
5436.83	0.68218	0.68218
5446.83	0.682657	0.682657
5456.83	0.683127	0.683127
5466.83	0.683598	0.683598
5476.83	0.684071	0.684071
5486.83	0.684537	0.684537
5496.83	0.685009	0.685009
5506.83	0.685475	0.685475
5516.83	0.685939	0.685939
5526.83	0.686401	0.686401
5536.83	0.686859	0.686859
5546.83	0.687316	0.687316
5556.84	0.687769	0.687769
5566.84	0.688216	0.688216
5576.84	0.688674	0.688674
5586.84	0.689124	0.689124
5596.84	0.689572	0.689572
5606.84	0.690023	0.690023
5616.84	0.69047	0.69047
5626.84	0.690916	0.690916
5636.84	0.691354	0.691354
5646.84	0.691794	0.691794
5656.84	0.692235	0.692235
5666.84	0.692673	0.692673
5676.84	0.693106	0.693106
5686.84	0.69354	0.69354
5696.84	0.693976	0.693976
5706.84	0.694408	0.694408
5716.84	0.694835	0.694835
5726.84	0.695261	0.695261
5736.84	0.695688	0.695688
5746.84	0.696119	0.696119
5756.84	0.696538	0.696538
5766.84	0.696953	0.696953
5776.84	0.697367	0.697367
5786.84	0.697783	0.697783
5796.84	0.698198	0.698198
5806.84	0.698616	0.698616
5816.84	0.699026	0.699026
5826.84	0.699433	0.699433
5836.84	0.699842	0.699842
5846.84	0.700252	0.700252
5856.84	0.70066	0.70066
5866.85	0.701067	0.701067
5876.85	0.701472	0.701472
5886.85	0.701875	0.701875
5896.85	0.70228	0.70228
5906.85	0.702675	0.702675
5916.85	0.70307	0.70307
5926.85	0.703463	0.703463
5936.85	0.703859	0.703859
5946.85	0.704251	0.704251
5956.85	0.70464	0.70464
5966.85	0.705032	0.705032
5976.85	0.705423	0.705423
5986.85	0.705812	0.705812
5996.85	0.706199	0.706199
6006.85	0.706585	0.706585
6016.85	0.706967	0.706967
6026.85	0.707352	0.707352
6036.85	0.707733	0.707733
6046.85	0.708113	0.708113
6056.85	0.70849	0.70849
6066.86	0.708867	0.708867
6076.86	0.709246	0.709246
6086.86	0.709618	0.709618
6096.86	0.709991	0.709991
6106.86	0.71036	0.71036
6116.86	0.710728	0.710728
6126.86	0.711098	0.711098
6136.86	0.711465	0.711465
6146.86	0.711832	0.711832
6156.86	0.712196	0.712196
6166.86	0.712562	0.712562
6176.86	0.712926	0.712926
6186.86	0.713289	0.713289
6196.86	0.71365	0.71365
6206.86	0.714009	0.714009
6216.86	0.714365	0.714365
6226.86	0.714725	0.714725
6236.86	0.715082	0.715082
6246.86	0.71544	0.71544
6256.86	0.715794	0.715794
6266.87	0.716147	0.716147
6276.87	0.716497	0.716497
6286.87	0.716842	0.716842
6296.87	0.71719	0.71719
6306.87	0.717537	0.717537
6316.87	0.717885	0.717885
6326.87	0.718229	0.718229
6336.87	0.71857	0.71857
6346.87	0.718911	0.718911
6356.87	0.719253	0.719253
6366.87	0.719594	0.719594
6376.87	0.719935	0.719935
6386.87	0.720269	0.720269
6396.87	0.720602	0.720602
6406.87	0.720937	0.720937
6416.87	0.721273	0.721273
6426.87	0.721601	0.721601
6436.88	0.721932	0.721932
6446.88	0.722261	0.722261
6456.88	0.722593	0.722593
6466.88	0.72292	0.72292
6476.88	0.723246	0.723246
6486.88	0.723574	0.723574
6496.88	0.723899	0.723899
6506.88	0.724221	0.724221
6516.88	0.724542	0.724542
6526.88	0.724866	0.724866
6536.88	0.725184	0.725184
6546.88	0.725502	0.725502
6556.88	0.725818	0.725818
6566.88	0.72614	0.72614
6576.88	0.726455	0.726455
6586.88	0.72677	0.72677
6596.88	0.72708	0.72708
6606.88	0.727394	0.727394
6616.88	0.727707	0.727707
6626.89	0.728021	0.728021
6636.89	0.728331	0.728331
6646.89	0.728636	0.728636
6656.89	0.728945	0.728945
6666.89	0.72925	0.72925
6676.89	0.729553	0.729553
6686.89	0.72986	0.72986
6696.89	0.730164	0.730164
6706.89	0.730466	0.730466
6716.89	0.730777	0.730777
6726.89	0.731081	0.731081
6736.89	0.731381	0.731381
6746.89	0.731676	0.731676
6756.89	0.731979	0.731979
6766.89	0.732272	0.732272
6776.89	0.732568	0.732568
6786.9	0.732863	0.732863
6796.9	0.73316	0.73316
6806.9	0.733453	0.733453
6816.9	0.733744	0.733744
6826.9	0.734037	0.734037
6836.9	0.734326	0.734326
6846.9	0.734615	0.734615
6856.9	0.734902	0.734902
6866.9	0.735191	0.735191
6876.9	0.735476	0.735476
6886.9	0.735763	0.735763
6896.9	0.736046	0.736046
6906.9	0.736329	0.736329
6916.9	0.736611	0.736611
6926.9	0.736892	0.736892
6936.9	0.737173	0.737173
6946.91	0.737454	0.737454
6956.91	0.737732	0.737732
6966.91	0.738012	0.738012
6976.91	0.738288	0.738288
6986.91	0.738565	0.738565
6996.91	0.73884	0.73884
7006.91	0.739116	0.739116
7016.91	0.73939	0.73939
7026.91	0.739662	0.739662
7036.91	0.739934	0.739934
7046.91	0.740207	0.740207
7056.91	0.740475	0.740475
7066.91	0.740746	0.740746
7076.91	0.741015	0.741015
7086.91	0.74128	0.74128
7096.91	0.741547	0.741547
7106.91	0.741813	0.741813
7116.91	0.742075	0.742075
7126.92	0.742338	0.742338
7136.92	0.7426	0.7426
7146.92	0.742863	0.742863
7156.92	0.743125	0.743125
7166.92	0.743385	0.743385
7176.92	0.743648	0.743648
7186.92	0.743911	0.743911
7196.92	0.744171	0.744171
7206.92	0.744424	0.744424
7216.92	0.744682	0.744682
7226.92	0.744942	0.744942
7236.92	0.745197	0.745197
7246.92	0.745459	0.745459
7256.92	0.745716	0.745716
7266.92	0.745965	0.745965
7276.92	0.74622	0.74622
7286.92	0.746469	0.746469
7296.92	0.746721	0.746721
7306.92	0.746971	0.746971
7316.92	0.747217	0.747217
7326.92	0.747469	0.747469
7336.93	0.74772	0.74772
7346.93	0.747973	0.747973
7356.93	0.748214	0.748214
7366.93	0.748456	0.748456
7376.93	0.7487	0.7487
7386.93	0.748944	0.748944
7396.93	0.749189	0.749189
7406.93	0.749431	0.749431
7416.93	0.749674	0.749674
7426.93	0.749916	0.749916
7436.93	0.750156	0.750156
7446.93	0.750398	0.750398
7456.93	0.750638	0.750638
7466.93	0.750877	0.750877
7476.94	0.751116	0.751116
7486.94	0.751348	0.751348
7496.94	0.751583	0.751583
7506.94	0.75182	0.75182
7516.94	0.752055	0.752055
7526.94	0.752289	0.752289
7536.94	0.75252	0.75252
7546.94	0.752754	0.752754
7556.94	0.752985	0.752985
7566.94	0.753219	0.753219
7576.94	0.753449	0.753449
7586.94	0.75368	0.75368
7596.94	0.753909	0.753909
7606.94	0.754142	0.754142
7616.94	0.754371	0.754371
7626.95	0.754596	0.754596
7636.95	0.754824	0.754824
7646.95	0.755053	0.755053
7656.95	0.755278	0.755278
7666.95	0.755501	0.755501
7676.95	0.755724	0.755724
7686.95	0.755949	0.755949
7696.95	0.756173	0.756173
7706.95	0.7564	0.7564
7716.95	0.756622	0.756622
7726.95	0.756843	0.756843
7736.95	0.757064	0.757064
7746.95	0.757284	0.757284
7756.95	0.757503	0.757503
7766.95	0.757723	0.757723
7776.95	0.757943	0.757943
7786.95	0.758159	0.758159
7796.95	0.758376	0.758376
7806.96	0.758591	0.758591
7816.96	0.758809	0.758809
7826.96	0.759025	0.759025
7836.96	0.759238	0.759238
7846.96	0.759449	0.759449
7856.96	0.759661	0.759661
7866.96	0.759873	0.759873
7876.96	0.760085	0.760085
7886.96	0.760297	0.760297
7896.96	0.760507	0.760507
7906.96	0.760718	0.760718
7916.97	0.760927	0.760927
7926.97	0.761139	0.761139
7936.97	0.761347	0.761347
7946.97	0.761556	0.761556
7956.97	0.761764	0.761764
7966.97	0.761969	0.761969
7976.97	0.762171	0.762171
7986.97	0.762375	0.762375
7996.97	0.762577	0.762577
8006.97	0.762783	0.762783
8016.98	0.762989	0.762989
8026.98	0.76319	0.76319
8036.98	0.76339	0.76339
8046.98	0.763592	0.763592
8056.98	0.763793	0.763793
8066.98	0.763994	0.763994
8076.98	0.764196	0.764196
8086.98	0.764395	0.764395
8096.98	0.764594	0.764594
8106.98	0.764795	0.764795
8116.99	0.764992	0.764992
8126.99	0.765188	0.765188
8136.99	0.765384	0.765384
8146.99	0.76558	0.76558
8156.99	0.765774	0.765774
8166.99	0.765974	0.765974
8176.99	0.766167	0.766167
8186.99	0.766362	0.766362
8196.99	0.766554	0.766554
8206.99	0.766745	0.766745
8217	0.766937	0.766937
8227	0.767129	0.767129
8237	0.76732	0.76732
8247	0.767511	0.767511
8257	0.767702	0.767702
8267	0.767892	0.767892
8277	0.768082	0.768082
8287	0.768269	0.768269
8297	0.768461	0.768461
8307	0.76865	0.76865
8317.01	0.768838	0.768838
8327.01	0.769026	0.769026
8337.01	0.769213	0.769213
8347.01	0.769401	0.769401
8357.01	0.769589	0.769589
8367.01	0.769773	0.769773
8377.01	0.769959	0.769959
8387.01	0.770147	0.770147
8397.01	0.770333	0.770333
8407.01	0.770519	0.770519
8417.01	0.770705	0.770705
8427.01	0.770887	0.770887
8437.01	0.77107	0.77107
8447.01	0.77125	0.77125
8457.02	0.771431	0.771431
8467.02	0.771614	0.771614
8477.02	0.771796	0.771796
8487.02	0.771978	0.771978
8497.02	0.772157	0.772157
8507.02	0.772337	0.772337
8517.02	0.772517	0.772517
8527.03	0.772695	0.772695
8537.03	0.772874	0.772874
8547.03	0.77305	0.77305
8557.03	0.773227	0.773227
8567.03	0.773403	0.773403
8577.03	0.773579	0.773579
8587.03	0.773753	0.773753
8597.03	0.773928	0.773928
8607.03	0.774102	0.774102
8617.03	0.774278	0.774278
8627.03	0.774446	0.774446
8637.03	0.774619	0.774619
8647.03	0.774792	0.774792
8657.03	0.774964	0.774964
8667.03	0.775136	0.775136
8677.03	0.775304	0.775304
8687.03	0.775475	0.775475
8697.03	0.775644	0.775644
8707.03	0.775816	0.775816
8717.04	0.775988	0.775988
8727.04	0.776156	0.776156
8737.04	0.776323	0.776323
8747.04	0.776489	0.776489
8757.04	0.776655	0.776655
8767.04	0.776821	0.776821
8777.05	0.776991	0.776991
8787.05	0.777154	0.777154
8797.05	0.777319	0.777319
8807.05	0.777485	0.777485
8817.05	0.777651	0.777651
8827.05	0.777814	0.777814
8837.05	0.777977	0.777977
8847.05	0.778139	0.778139
8857.05	0.778307	0.778307
8867.06	0.778472	0.778472
8877.06	0.778637	0.778637
8887.06	0.778797	0.778797
8897.06	0.778963	0.778963
8907.06	0.779124	0.779124
8917.06	0.779282	0.779282
8927.06	0.779445	0.779445
8937.07	0.779605	0.779605
8947.07	0.779765	0.779765
8957.07	0.779925	0.779925
8967.07	0.780086	0.780086
8977.07	0.780243	0.780243
8987.07	0.780401	0.780401
8997.07	0.78056	0.78056
9007.07	0.780716	0.780716
9017.07	0.780873	0.780873
9027.07	0.781031	0.781031
9037.07	0.781192	0.781192
9047.07	0.78135	0.78135
9057.07	0.781506	0.781506
9067.07	0.781661	0.781661
9077.07	0.781819	0.781819
9087.08	0.781975	0.781975
9097.08	0.782127	0.782127
9107.08	0.782279	0.782279
9117.08	0.782433	0.782433
9127.08	0.782584	0.782584
9137.08	0.782737	0.782737
9147.08	0.782889	0.782889
9157.08	0.783039	0.783039
9167.08	0.783187	0.783187
9177.09	0.783337	0.783337
9187.09	0.783485	0.783485
9197.09	0.783635	0.783635
9207.09	0.783785	0.783785
9217.09	0.783933	0.783933
9227.1	0.784081	0.784081
9237.1	0.784232	0.784232
9247.1	0.784379	0.784379
9257.1	0.784528	0.784528
9267.1	0.784673	0.784673
9277.1	0.784823	0.784823
9287.1	0.784972	0.784972
9297.1	0.785119	0.785119
9307.11	0.785264	0.785264
9317.11	0.785412	0.785412
9327.11	0.785555	0.785555
9337.11	0.785702	0.785702
9347.11	0.785849	0.785849
9357.11	0.785993	0.785993
9367.11	0.786136	0.786136
9377.11	0.786281	0.786281
9387.12	0.786426	0.786426
9397.12	0.78657	0.78657
9407.12	0.786716	0.786716
9417.12	0.78686	0.78686
9427.12	0.787004	0.787004
9437.12	0.787145	0.787145
9447.12	0.787287	0.787287
9457.12	0.78743	0.78743
9467.12	0.787575	0.787575
9477.13	0.787714	0.787714
9487.13	0.787856	0.787856
9497.13	0.787998	0.787998
9507.13	0.788138	0.788138
9517.13	0.788274	0.788274
9527.13	0.788413	0.788413
9537.13	0.788555	0.788555
9547.13	0.788693	0.788693
9557.13	0.788833	0.788833
9567.13	0.788973	0.788973
9577.14	0.789107	0.789107
9587.14	0.789244	0.789244
9597.14	0.789383	0.789383
9607.14	0.789521	0.789521
9617.14	0.789657	0.789657
9627.14	0.789796	0.789796
9637.15	0.789931	0.789931
9647.15	0.790065	0.790065
9657.15	0.790199	0.790199
9667.15	0.790333	0.790333
9677.15	0.79047	0.79047
9687.15	0.790603	0.790603
9697.15	0.790737	0.790737
9707.16	0.79087	0.79087
9717.16	0.791006	0.791006
9727.16	0.79114	0.79114
9737.16	0.791272	0.791272
9747.16	0.791401	0.791401
9757.16	0.791536	0.791536
9767.16	0.791669	0.791669
9777.17	0.791802	0.791802
9787.17	0.791936	0.791936
9797.17	0.792068	0.792068
9807.17	0.7922	0.7922
9817.17	0.792333	0.792333
9827.17	0.792465	0.792465
9837.17	0.792595	0.792595
9847.17	0.792723	0.792723
9857.17	0.79285	0.79285
9867.17	0.792978	0.792978
9877.17	0.793107	0.793107
9887.18	0.793236	0.793236
9897.18	0.793366	0.793366
9907.18	0.793494	0.793494
9917.18	0.793622	0.793622
9927.18	0.79375	0.79375
9937.18	0.793877	0.793877
9947.18	0.794005	0.794005
9957.18	0.794133	0.794133
9967.18	0.794258	0.794258
9977.18	0.794384	0.794384
9987.19	0.794511	0.794511
9997.19	0.794636	0.794636
10007.2	0.794763	0.794763
10017.2	0.79489	0.79489
10027.2	0.795014	0.795014
10037.2	0.795136	0.795136
10047.2	0.795261	0.795261
10057.2	0.795383	0.795383
10067.2	0.795506	0.795506
10077.2	0.795631	0.795631
10087.2	0.795753	0.795753
10097.2	0.795874	0.795874
10107.2	0.795997	0.795997
10117.2	0.796118	0.796118
10127.2	0.796242	0.796242
10137.2	0.796363	0.796363
10147.2	0.796484	0.796484
10157.2	0.796605	0.796605
10167.2	0.796725	0.796725
10177.2	0.796844	0.796844
10187.2	0.796965	0.796965
10197.2	0.797089	0.797089
10207.2	0.797207	0.797207
10217.2	0.797326	0.797326
10227.2	0.797444	0.797444
10237.2	0.797564	0.797564
10247.2	0.797684	0.797684
10257.2	0.797802	0.797802
10267.2	0.797922	0.797922
10277.2	0.79804	0.79804
10287.2	0.798157	0.798157
10297.2	0.798273	0.798273
10307.2	0.798391	0.798391
10317.2	0.798507	0.798507
10327.2	0.79862	0.79862
10337.2	0.798739	0.798739
10347.2	0.798855	0.798855
10357.2	0.798972	0.798972
10367.2	0.799088	0.799088
10377.2	0.799205	0.799205
10387.2	0.799318	0.799318
10397.2	0.799432	0.799432
10407.2	0.799544	0.799544
10417.2	0.799659	0.799659
10427.2	0.799774	0.799774
10437.3	0.79989	0.79989
